[debug] [2018-09-30T10:10:12.673Z] ----------------------------------------------------------------------
[debug] [2018-09-30T10:10:12.676Z] Command:       C:\Program Files\nodejs\node.exe C:\Users\user\AppData\Roaming\npm\node_modules\firebase-tools\bin\firebase serve --only hosting
[debug] [2018-09-30T10:10:12.676Z] CLI Version:   4.2.0
[debug] [2018-09-30T10:10:12.676Z] Platform:      win32
[debug] [2018-09-30T10:10:12.676Z] Node Version:  v9.5.0
[debug] [2018-09-30T10:10:12.677Z] Time:          Sun Sep 30 2018 18:10:12 GMT+0800 (Taipei Standard Time)
[debug] [2018-09-30T10:10:12.677Z] ----------------------------------------------------------------------
[debug] 
[debug] [2018-09-30T10:10:12.690Z] > command requires scopes: ["email","openid","https://www.googleapis.com/auth/cloudplatformprojects.readonly","https://www.googleapis.com/auth/firebase","https://www.googleapis.com/auth/cloud-platform"]
[debug] [2018-09-30T10:10:12.691Z] > authorizing via signed-in user
[debug] [2018-09-30T10:10:12.693Z] >>> HTTP REQUEST GET https://admin.firebase.com/v1/projects/overproperty-frc6083  
 
[debug] [2018-09-30T10:10:14.925Z] <<< HTTP RESPONSE 200
[debug] [2018-09-30T10:10:14.926Z] >>> HTTP REQUEST GET https://cloudresourcemanager.googleapis.com/v1/projects/overproperty-frc6083  
 
[debug] [2018-09-30T10:10:17.443Z] <<< HTTP RESPONSE 200
[info] 
[info] === Serving from 'C:\Users\user\OverProperty'...
[info] 
[debug] [2018-09-30T10:10:17.451Z] >>> HTTP REQUEST GET https://mobilesdk-pa.googleapis.com/v1/projects/115432376160/clients/_:getWebAppConfig  
 
[debug] [2018-09-30T10:10:20.369Z] <<< HTTP RESPONSE 200
[info] i  hosting[overproperty-frc6083]: Serving hosting files from: public
[info] +  hosting[overproperty-frc6083]: Local server: http://localhost:5000
